==> Memulai perbaikan. Root proyek: /Users/agusbudiyono/Documents/NewEdokter/edokter
==> Backup akan disimpan di: fix_jsx_mime_backups_20251024_090710
- Temuan awal:
  • importIfPreamble( di app.jsx:        0
  • Referensi langsung /build/assets/*.jsx:        0
  • Import 'Components/' bertulis huruf besar:        0

==> Diff app.jsx (ringkas):

==> Menjalankan build produksi: npm run build

> build
> vite build

vite v7.1.9 building for production...
transforming...
✓ 6835 modules transformed.
rendering chunks...
computing gzip size...
public/build/assets/0-CciJ7cik.mp3                        3.93 kB
public/build/assets/6-DnWjzaZQ.mp3                        4.37 kB
public/build/assets/2-NPUFV84O.mp3                        4.58 kB
public/build/assets/7-DlR5sMi3.mp3                        4.58 kB
public/build/assets/puluh-CpSxlOkn.mp3                    4.75 kB
public/build/assets/3-7X2wHN9R.mp3                        4.80 kB
public/build/assets/4-jtvLvjVa.mp3                        4.80 kB
public/build/assets/5-DAnnXcPT.mp3                        4.80 kB
public/build/assets/1-DGADuULt.mp3                        5.23 kB
public/build/assets/8-DrTy7hH_.mp3                        5.88 kB
public/build/assets/9-Bh_FVt-x.mp3                        5.88 kB
public/build/assets/ratus-PTIUrsVw.mp3                    6.19 kB
public/build/assets/10-CSs-Ra8c.mp3                       6.48 kB
public/build/assets/sebelas-chdvGxVJ.mp3                  6.77 kB
public/build/assets/ribu-BgqNlRcQ.mp3                     8.35 kB
public/build/assets/belas-D3SxEarL.mp3                    8.93 kB
public/build/assets/60-NJ0dNid7.mp3                      10.08 kB
public/build/assets/50-B469UD87.mp3                      10.22 kB
public/build/assets/30-XWJcrVvN.mp3                      10.37 kB
public/build/assets/20-CF6UQMIe.mp3                      10.37 kB
public/build/assets/40-Cm6VzhBW.mp3                      10.51 kB
public/build/assets/70-DnlyntX3.mp3                      10.66 kB
public/build/assets/80-CCh08Pl-.mp3                      11.38 kB
public/build/assets/90-DfhIsUZQ.mp3                      11.81 kB
public/build/assets/nomor antrian-D2l9CSDv.mp3           12.38 kB
public/build/assets/Silahkan ke-CRqkHZAp.mp3             14.83 kB
public/build/manifest.json                               22.38 kB │ gzip:   2.50 kB
public/build/assets/notifbell-6DayT1Fy.mp3               31.17 kB
public/build/assets/loket 1-Crtlueyt.mp3                 45.06 kB
public/build/assets/app-xBww_0Of.css                      5.10 kB │ gzip:   1.51 kB
public/build/assets/app-Df_MWxW7.css                     91.12 kB │ gzip:  13.47 kB
public/build/assets/HelloMotion-CkQQ-6DK.js               0.08 kB │ gzip:   0.10 kB
public/build/assets/AppLayout-7JlTO-v4.js                 0.17 kB │ gzip:   0.16 kB
public/build/assets/toast-BmXps_4K.js                     0.46 kB │ gzip:   0.21 kB
public/build/assets/index-DgRPOS0s.js                     0.48 kB │ gzip:   0.35 kB
public/build/assets/trash-2-CwiNsxlL.js                   0.78 kB │ gzip:   0.37 kB
public/build/assets/UmumSummaryTable-CxSKz_xg.js          1.22 kB │ gzip:   0.55 kB
public/build/assets/RegisterHeader-XKIDm31o.js            1.75 kB │ gzip:   0.61 kB
public/build/assets/JenisSummaryTable-r4kZIsMV.js         2.04 kB │ gzip:   0.82 kB
public/build/assets/BarangSummaryTable-DIlvFNOJ.js        2.05 kB │ gzip:   0.82 kB
public/build/assets/search-BXMYM1k9.js                    2.16 kB │ gzip:   0.89 kB
public/build/assets/PcareStatusHeader-OPPr029W.js         2.86 kB │ gzip:   1.02 kB
public/build/assets/index-C1Zqfz9n.js                     3.52 kB │ gzip:   1.68 kB
public/build/assets/home-COig0fLd.js                      4.30 kB │ gzip:   1.56 kB
public/build/assets/index-CcpRQz10.js                     5.06 kB │ gzip:   1.78 kB
public/build/assets/index-BzMalgo9.js                     5.17 kB │ gzip:   1.62 kB
public/build/assets/index-H-j6e0fZ.js                     6.03 kB │ gzip:   1.88 kB
public/build/assets/KonversiSatuan-lNfGIbxP.js            6.91 kB │ gzip:   2.08 kB
public/build/assets/KategoriObat-CEhdY2mJ.js              8.99 kB │ gzip:   2.88 kB
public/build/assets/MetodeRacik-C3BxdAms.js               9.18 kB │ gzip:   2.91 kB
public/build/assets/index-Cip-AZlH.js                     9.22 kB │ gzip:   2.18 kB
public/build/assets/JenisObat-CcLDJl7P.js                 9.35 kB │ gzip:   2.93 kB
public/build/assets/index-DlEQQayn.js                     9.54 kB │ gzip:   2.51 kB
public/build/assets/Dashboard-Dh_blKgM.js                 9.88 kB │ gzip:   1.92 kB
public/build/assets/PenjualanObat-XdXtpP9O.js            10.16 kB │ gzip:   2.12 kB
public/build/assets/ResepObat-DYrVT8fD.js                10.25 kB │ gzip:   2.15 kB
public/build/assets/SatuanBarang-BYx2p4sJ.js             10.42 kB │ gzip:   3.26 kB
public/build/assets/GolonganObat-CfVjzqwc.js             10.42 kB │ gzip:   3.21 kB
public/build/assets/StokObat-DT2Xomx4.js                 10.52 kB │ gzip:   2.17 kB
public/build/assets/industrifarmasi-CGH1RAoE.js          10.94 kB │ gzip:   3.32 kB
public/build/assets/datasuplier-BNA4C7P-.js              11.31 kB │ gzip:   3.28 kB
public/build/assets/PermintaanMedis-DVQ6Oc2Y.js          13.47 kB │ gzip:   3.73 kB
public/build/assets/index-B-XhqMtm.js                    14.81 kB │ gzip:   5.02 kB
public/build/assets/PembelianObat-lD8F0guS.js            21.01 kB │ gzip:   5.05 kB
public/build/assets/DataOpname-BRMuvp3B.js               22.07 kB │ gzip:   5.35 kB
public/build/assets/StokOpname-pcvYUQHw.js               22.68 kB │ gzip:   5.71 kB
public/build/assets/SetHargaObat-_otFFT5s.js             25.48 kB │ gzip:   5.23 kB
public/build/assets/dataobat_legacy-Cd0Vnbty.js          28.87 kB │ gzip:   5.29 kB
public/build/assets/RiwayatTransaksiGudang-B2a43oFD.js   40.83 kB │ gzip:  10.49 kB
public/build/assets/index-Cly54JKS.js                    64.57 kB │ gzip:  17.78 kB
public/build/assets/bootstrap.esm-D99mSMin.js            81.94 kB │ gzip:  24.69 kB
public/build/assets/proxy-BV4DISgf.js                   112.13 kB │ gzip:  36.80 kB
public/build/assets/index.esm-DVGHYBaY.js               120.69 kB │ gzip:  38.99 kB
public/build/assets/jsx-runtime-BfgtC2Mc.js             123.81 kB │ gzip:  46.18 kB
public/build/assets/app-Ba6dSWWJ.js                     192.60 kB │ gzip:  59.21 kB
public/build/assets/app-vNkZvBhO.js                     465.89 kB │ gzip: 151.06 kB
✓ built in 20.60s
==> Build selesai.

==> Membersihkan cache Laravel

   INFO  Configuration cache cleared successfully.  


==> Ringkasan:
  • Sisa referensi /build/assets/*.jsx:        0
  • Sisa pemanggilan importIfPreamble(:        0
  • Sisa import 'Components/':        0

Selesai. Silakan hard refresh (Ctrl+F5) pada halaman Home & Farmasi.
